$AMCL.NS: possibly delisted; no timezone found

1 Failed download:
['AMCL.NS']: possibly delisted; no timezone found
$AARADHYA.NS: possibly delisted; no timezone found
$AVATAR.NS: possibly delisted; no timezone found
$ATCENERGY.NS: possibly delisted; no timezone found
$ARCIIL.NS: possibly delisted; no timezone found
$AAKAAR.NS: possibly delisted; no timezone found
$ABHAPOWER.NS: possibly delisted; no timezone found

6 Failed downloads:
['AARADHYA.NS', 'AVATAR.NS', 'ATCENERGY.NS', 'ARCIIL.NS', 'AAKAAR.NS', 'ABHAPOWER.NS']: possibly delisted; no timezone found
$ACETEC.NS: possibly delisted; no timezone found
$ACTIVEINFR.NS: possibly delisted; no timezone found
$ADISOFT.NS: possibly delisted; no timezone found
$ADDICTIVE.NS: possibly delisted; no timezone found
$ACCPL.NS: possibly delisted; no timezone found
$AUSL.NS: possibly delisted; no timezone found

6 Failed downloads:
['ACETEC.NS', 'ACTIVEINFR.NS', 'ADISOFT.NS', 'ADDICTIVE.NS', 'ACCPL.NS', 'AUSL.NS']: possibly delisted; no timezone found
$AESTHETIK.NS: possibly delisted; no timezone found
$AERON.NS: possibly delisted; no timezone found
$AGARWALTUF.NS: possibly delisted; no timezone found

3 Failed downloads:
['AESTHETIK.NS', 'AERON.NS', 'AGARWALTUF.NS']: possibly delisted; no timezone found
$ATLPP.NS: possibly delisted; no timezone found
$ALCODIS.NS: possibly delisted; no timezone found
$AKANKSHA.NS: possibly delisted; no timezone found

3 Failed downloads:
['ATLPP.NS', 'ALCODIS.NS', 'AKANKSHA.NS']: possibly delisted; no timezone found
$ANANTAM.NS: possibly delisted; no timezone found
$AMBAAUTO.NS: possibly delisted; no timezone found
$AMBANIORGO.NS: possibly delisted; no timezone found

3 Failed downloads:
['ANANTAM.NS', 'AMBAAUTO.NS', 'AMBANIORGO.NS']: possibly delisted; no timezone found
$ANYA.NS: possibly delisted; no timezone found
$ANZEN.NS: possibly delisted; no timezone found
$APSISAERO.NS: possibly delisted; no timezone found
$ANONDITA.NS: possibly delisted; no timezone found
$APEXECO.NS: possibly delisted; no timezone found
$APRAMEYA.NS: possibly delisted; no timezone found

6 Failed downloads:
['ANYA.NS', 'ANZEN.NS', 'APSISAERO.NS', 'ANONDITA.NS', 'APEXECO.NS', 'APRAMEYA.NS']: possibly delisted; no timezone found
$ARUNAYA.NS: possibly delisted; no timezone found
$ARMOUR.NS: possibly delisted; no timezone found
$ASHALOG.NS: possibly delisted; no timezone found
$ARHAM.NS: possibly delisted; no timezone found
$ARVINDPORT.NS: possibly delisted; no timezone found

5 Failed downloads:
['ARUNAYA.NS', 'ARMOUR.NS', 'ASHALOG.NS', 'ARHAM.NS', 'ARVINDPORT.NS']: possibly delisted; no timezone found
$ASHWINI.NS: possibly delisted; no timezone found

1 Failed download:
['ASHWINI.NS']: possibly delisted; no timezone found
$BAGDIGITAL.NS: possibly delisted; no timezone found
$AVIANSH.NS: possibly delisted; no timezone found
$AVANA.NS: possibly delisted; no timezone found

3 Failed downloads:
['BAGDIGITAL.NS', 'AVIANSH.NS', 'AVANA.NS']: possibly delisted; no timezone found
$BAGMANE.NS: possibly delisted; no timezone found

1 Failed download:
['BAGMANE.NS']: possibly delisted; no timezone found
$BALAJIPHOS.NS: possibly delisted; no timezone found
$BARFLEX.NS: possibly delisted; no timezone found

2 Failed downloads:
['BALAJIPHOS.NS', 'BARFLEX.NS']: possibly delisted; no timezone found
$BIOPOL.NS: possibly delisted; no timezone found
$BHADORA.NS: possibly delisted; no timezone found
$BMLL.NS: possibly delisted; no timezone found
$BIKEWO.NS: possibly delisted; no timezone found

4 Failed downloads:
['BIOPOL.NS', 'BHADORA.NS', 'BMLL.NS', 'BIKEWO.NS']: possibly delisted; no timezone found
$BRANDMAN.NS: possibly delisted; no timezone found
$BOSS.NS: possibly delisted; no timezone found
$BLUEWATER.NS: possibly delisted; no timezone found
$BRACEPORT.NS: possibly delisted; no timezone found
$BULKCORP.NS: possibly delisted; no timezone found

5 Failed downloads:
['BRANDMAN.NS', 'BOSS.NS', 'BLUEWATER.NS', 'BRACEPORT.NS', 'BULKCORP.NS']: possibly delisted; no timezone found
$CKKRETAIL.NS: possibly delisted; no timezone found
$CUDML.NS: possibly delisted; no timezone found
$CAPINVIT.NS: possibly delisted; no timezone found
$C2C.NS: possibly delisted; no timezone found

4 Failed downloads:
['CKKRETAIL.NS', 'CUDML.NS', 'CAPINVIT.NS', 'C2C.NS']: possibly delisted; no timezone found
$CHAMUNDA.NS: possibly delisted; no timezone found
$CEDAAR.NS: possibly delisted; no timezone found
$CHANDAN.NS: possibly delisted; no timezone found
$CHETANA.NS: possibly delisted; no timezone found

4 Failed downloads:
['CHAMUNDA.NS', 'CEDAAR.NS', 'CHANDAN.NS', 'CHETANA.NS']: possibly delisted; no timezone found
$CSSL.NS: possibly delisted; no timezone found
$CLASSICEIL.NS: possibly delisted; no timezone found
$CONNPLEX.NS: possibly delisted; no timezone found
$CITIUSINVT.NS: possibly delisted; no timezone found

4 Failed downloads:
['CSSL.NS', 'CLASSICEIL.NS', 'CONNPLEX.NS', 'CITIUSINVT.NS']: possibly delisted; no timezone found
$CUBEINVIT.NS: possibly delisted; no timezone found
$CURIS.NS: possibly delisted; no timezone found
$CURRENT.NS: possibly delisted; no timezone found

3 Failed downloads:
['CUBEINVIT.NS', 'CURIS.NS', 'CURRENT.NS']: possibly delisted; no timezone found
$DCCL.NS: possibly delisted; no timezone found
$DANISH.NS: possibly delisted; no timezone found

2 Failed downloads:
['DCCL.NS', 'DANISH.NS']: possibly delisted; no timezone found
$DHARARAIL.NS: possibly delisted; no timezone found
$DIRL.NS: possibly delisted; no timezone found
$DHARIWAL.NS: possibly delisted; no timezone found
$DHANSA.NS: possibly delisted; no timezone found
$DELTIC.NS: possibly delisted; no timezone found
$DECCANTRAN.NS: possibly delisted; no timezone found

6 Failed downloads:
['DHARARAIL.NS', 'DIRL.NS', 'DHARIWAL.NS', 'DHANSA.NS', 'DELTIC.NS', 'DECCANTRAN.NS']: possibly delisted; no timezone found
$DIVYADHAN.NS: possibly delisted; no timezone found
$DIVINEHIRA.NS: possibly delisted; no timezone found

2 Failed downloads:
['DIVYADHAN.NS', 'DIVINEHIRA.NS']: possibly delisted; no timezone found
$ECOLINE.NS: possibly delisted; no timezone found
$EPWINDIA.NS: possibly delisted; no timezone found
$EMAPARTNER.NS: possibly delisted; no timezone found
$E2ERAIL.NS: possibly delisted; no timezone found

4 Failed downloads:
['ECOLINE.NS', 'EPWINDIA.NS', 'EMAPARTNER.NS', 'E2ERAIL.NS']: possibly delisted; no timezone found
$ELGNZ.NS: possibly delisted; no timezone found

1 Failed download:
['ELGNZ.NS']: possibly delisted; no timezone found
$ETML.NS: possibly delisted; no timezone found
$ETL.NS: possibly delisted; no timezone found
$ENVIRO.NS: possibly delisted; no timezone found
$ESPRIT.NS: possibly delisted; no timezone found
$ENCOMPAS.NS: possibly delisted; no timezone found
$EEPL.NS: possibly delisted; no timezone found

6 Failed downloads:
['ETML.NS', 'ETL.NS', 'ENVIRO.NS', 'ESPRIT.NS', 'ENCOMPAS.NS', 'EEPL.NS']: possibly delisted; no timezone found
$EXCELLENT.NS: possibly delisted; no timezone found
$FINBUD.NS: possibly delisted; no timezone found
$EXIMROUTES.NS: possibly delisted; no timezone found

3 Failed downloads:
['EXCELLENT.NS', 'FINBUD.NS', 'EXIMROUTES.NS']: possibly delisted; no timezone found
$FORGEAUTO.NS: possibly delisted; no timezone found
$FORCAS.NS: possibly delisted; no timezone found
$FWSTC.NS: possibly delisted; no timezone found
$FOCE.NS: possibly delisted; no timezone found
$FLYSBS.NS: possibly delisted; no timezone found
$FRESHARA.NS: possibly delisted; no timezone found

6 Failed downloads:
['FORGEAUTO.NS', 'FORCAS.NS', 'FWSTC.NS', 'FOCE.NS', 'FLYSBS.NS', 'FRESHARA.NS']: possibly delisted; no timezone found
$GML.NS: possibly delisted; no timezone found
$GANGABATH.NS: possibly delisted; no timezone found
$GANESHIN.NS: possibly delisted; no timezone found
$GVPTECHPP.NS: possibly delisted; no timezone found
$GAJANAND.NS: possibly delisted; no timezone found

5 Failed downloads:
['GML.NS', 'GANGABATH.NS', 'GANESHIN.NS', 'GVPTECHPP.NS', 'GAJANAND.NS']: possibly delisted; no timezone found
$GENXAI.NS: possibly delisted; no timezone found

1 Failed download:
['GENXAI.NS']: possibly delisted; no timezone found
$GCHOTELS.NS: possibly delisted; no timezone found
$GREENLEAF.NS: possibly delisted; no timezone found

2 Failed downloads:
['GCHOTELS.NS', 'GREENLEAF.NS']: possibly delisted; no timezone found
$GJL.NS: possibly delisted; no timezone found

1 Failed download:
['GJL.NS']: possibly delisted; no timezone found
$GURUNANAK.NS: possibly delisted; no timezone found

1 Failed download:
['GURUNANAK.NS']: possibly delisted; no timezone found
$WHITEFORCE.NS: possibly delisted; no timezone found

1 Failed download:
['WHITEFORCE.NS']: possibly delisted; no timezone found
[trendlyne] recorded 1138 universe members
[trendlyne] 851 tickers need price data (of 1138)
[fetch] 25/851 tickers processed (24 ok, 1 failed)
[fetch] 50/851 tickers processed (43 ok, 7 failed)
[fetch] 75/851 tickers processed (62 ok, 13 failed)
[fetch] 100/851 tickers processed (84 ok, 16 failed)
[fetch] 125/851 tickers processed (106 ok, 19 failed)
[fetch] 150/851 tickers processed (128 ok, 22 failed)
[fetch] 175/851 tickers processed (147 ok, 28 failed)
[fetch] 200/851 tickers processed (167 ok, 33 failed)
[fetch] 225/851 tickers processed (191 ok, 34 failed)
[fetch] 250/851 tickers processed (213 ok, 37 failed)
[fetch] 275/851 tickers processed (237 ok, 38 failed)
[fetch] 300/851 tickers processed (260 ok, 40 failed)
[fetch] 325/851 tickers processed (281 ok, 44 failed)
[fetch] 350/851 tickers processed (301 ok, 49 failed)
[fetch] 375/851 tickers processed (322 ok, 53 failed)
[fetch] 400/851 tickers processed (343 ok, 57 failed)
[fetch] 425/851 tickers processed (364 ok, 61 failed)
[fetch] 450/851 tickers processed (386 ok, 64 failed)
[fetch] 475/851 tickers processed (411 ok, 64 failed)
[fetch] 500/851 tickers processed (434 ok, 66 failed)
[fetch] 525/851 tickers processed (453 ok, 72 failed)
[fetch] 550/851 tickers processed (476 ok, 74 failed)
[fetch] 575/851 tickers processed (497 ok, 78 failed)
[fetch] 600/851 tickers processed (521 ok, 79 failed)
[fetch] 625/851 tickers processed (540 ok, 85 failed)
[fetch] 650/851 tickers processed (562 ok, 88 failed)
[fetch] 675/851 tickers processed (581 ok, 94 failed)
[fetch] 700/851 tickers processed (606 ok, 94 failed)
[fetch] 725/851 tickers processed (626 ok, 99 failed)
[fetch] 750/851 tickers processed (650 ok, 100 failed)
[fetch] 775/851 tickers processed (673 ok, 102 failed)
[fetch] 800/851 tickers processed (697 ok, 103 failed)
[fetch] 825/851 tickers processed (721 ok, 104 failed)
[fetch] 850/851 tickers processed (745 ok, 105 failed)
[fetch] 851/851 tickers processed (746 ok, 105 failed)
[trendlyne] fetched ok=746 failed=105 rows_written=1261366
[trendlyne] coverage now: 1505 tickers
